timestamp: 2021-05-07T13:37:02.812069
CREATE TABLE "py4web_session"(
    "id" INTEGER PRIMARY KEY AUTOINCREMENT,
    "rkey" CHAR(512),
    "rvalue" TEXT,
    "expiration" INTEGER,
    "created_on" TIMESTAMP,
    "expires_on" TIMESTAMP
);
success!
timestamp: 2021-05-07T13:37:02.817700
CREATE TABLE "auth_user"(
    "id" INTEGER PRIMARY KEY AUTOINCREMENT,
    "email" CHAR(512) UNIQUE,
    "password" CHAR(512),
    "first_name" CHAR(512),
    "last_name" CHAR(512),
    "sso_id" CHAR(512),
    "action_token" CHAR(512),
    "last_password_change" TIMESTAMP,
    "past_passwords_hash" TEXT
);
success!
timestamp: 2021-05-07T13:37:02.821062
CREATE TABLE "auth_user_tag_groups"(
    "id" INTEGER PRIMARY KEY AUTOINCREMENT,
    "path" CHAR(512),
    "record_id" INTEGER REFERENCES "auth_user" ("id") ON DELETE CASCADE  
);
success!
timestamp: 2021-05-15T14:47:43.686701
CREATE TABLE "counties"(
    "id" INTEGER PRIMARY KEY AUTOINCREMENT,
    "county_name" CHAR(512),
    "county_id" CHAR(512)
);
success!
timestamp: 2021-05-15T14:47:43.716054
CREATE TABLE "beaches"(
    "id" INTEGER PRIMARY KEY AUTOINCREMENT,
    "beach_name" CHAR(512),
    "beach_id" CHAR(512),
    "county_reference_id" INTEGER REFERENCES "counties" ("id") ON DELETE CASCADE  
);
success!
timestamp: 2021-05-16T18:26:22.310155
CREATE TABLE "reviews"(
    "id" INTEGER PRIMARY KEY AUTOINCREMENT,
    "review" CHAR(512),
    "beach_reference_id" INTEGER REFERENCES "beaches" ("id") ON DELETE CASCADE  ,
    "user" CHAR(512)
);
success!
timestamp: 2021-05-16T19:30:11.178279
ALTER TABLE "reviews" ADD "review_title" CHAR(512);
timestamp: 2021-05-16T19:30:11.183935
ALTER TABLE "reviews" ADD "beach_id" CHAR(512);
success!
success!
success!
success!
success!
success!
success!
success!
timestamp: 2021-05-17T15:03:54.783021
ALTER TABLE "reviews" ADD "num_likes" INTEGER;
success!
success!
success!
timestamp: 2021-05-17T16:47:00.719768
CREATE TABLE "likes"(
    "id" INTEGER PRIMARY KEY AUTOINCREMENT,
    "review" INTEGER REFERENCES "reviews" ("id") ON DELETE CASCADE  ,
    "liker" INTEGER REFERENCES "auth_user" ("id") ON DELETE CASCADE  
);
success!
success!
success!
success!
success!
success!
success!
success!
success!
success!
success!
success!
success!
success!
success!
success!
success!
success!
success!
success!
success!
success!
success!
success!
success!
success!
success!
success!
success!
success!
success!
success!
success!
success!
success!
success!
success!
success!
success!
success!
success!
success!
success!
success!
success!
success!
success!
success!
success!
success!
success!
success!
success!
success!
success!
success!
success!
success!
success!
success!
success!
success!
success!
success!
success!
success!
success!
success!
success!
success!
success!
success!
success!
success!
success!
timestamp: 2021-05-18T17:27:43.092858
ALTER TABLE "reviews" ADD "image" TEXT;
success!
success!
success!
success!
success!
success!
success!
success!
success!
success!
success!
success!
success!
success!
success!
success!
success!
success!
success!
success!
success!
success!
success!
success!
success!
success!
success!
success!
success!
success!
success!
success!
success!
success!
success!
success!
success!
success!
success!
success!
success!
success!
success!
success!
success!
success!
success!
success!
success!
success!
success!
success!
success!
success!
success!
success!
success!
success!
success!
success!
success!
success!
success!
success!
success!
success!
success!
success!
success!
success!
success!
success!
success!
success!
success!
success!
success!
success!
success!
success!
success!
success!
success!
success!
success!
success!
success!
success!
success!
success!
success!
success!
success!
success!
success!
success!
success!
success!
success!
success!
success!
success!
success!
success!
success!
success!
success!
success!
success!
success!
success!
success!
success!
success!
success!
success!
success!
success!
success!
success!
success!
success!
success!
success!
success!
success!
success!
success!
success!
success!
success!
timestamp: 2021-06-03T13:48:56.971391
ALTER TABLE "beaches" ADD "beach_longitude" CHAR(512);
timestamp: 2021-06-03T13:48:56.976904
ALTER TABLE "beaches" ADD "beach_latitude" CHAR(512);
success!
success!
success!
success!
success!
success!
success!
success!
success!
success!
success!
success!
success!
success!
success!
